
1768069853881409491:0:Created:WaLogger
1768069764047768685:0:Created:WaLogger
1768069731994908734:0:Created:WaLogger
1768069747718575085:0:keystore:created
1768069754606811477:1:secret:41
1768069754606830484:1:secret2:42
1768069754606834492:3:secret:41
1768069754606847588:2:secret:41
1768069754606849592:1:secret:42
1768069756617490845:0:Destroyed:WaLogger
1768069764047912508:0:keystore:created
1768069764047913029:1:secret:41
1768069764047916757:1:secret2:42
1768069764047919362:3:secret:41
1768069764047921586:2:secret:41
1768069764047922798:1:secret:42
1768069764048150928:0:Destroyed:WaLogger
1768069853881623744:0:keystore:created
1768069853881624225:1:secret:41
1768069853881627781:1:secret2:42
1768069853881630416:3:secret:41
1768069853881632670:2:secret:41
1768069853881633983:1:secret:42
1768069853881902908:2:keystore:deleted
1768069853881903600:0:Destroyed:WaLogger